#
# There is insufficient memory for the Java Runtime Environment to continue.
# Native memory allocation (malloc) failed to allocate 32744 bytes for ChunkPool::allocate
# Possible reasons:
#   The system is out of physical RAM or swap space
#   The process is running with CompressedOops enabled, and the Java Heap may be blocking the growth of the native heap
# Possible solutions:
#   Reduce memory load on the system
#   Increase physical memory or swap space
#   Check if swap backing store is full
#   Decrease Java heap size (-Xmx/-Xms)
#   Decrease number of Java threads
#   Decrease Java thread stack sizes (-Xss)
#   Set larger code cache with -XX:ReservedCodeCacheSize=
#   JVM is running with Zero Based Compressed Oops mode in which the Java heap is
#     placed in the first 32GB address space. The Java Heap base address is the
#     maximum limit for the native heap growth. Please use -XX:HeapBaseMinAddress
#     to set the Java Heap base and to place the Java Heap above 32GB virtual address.
# This output file may be truncated or incomplete.
#
#  Out of Memory Error (arena.cpp:78), pid=17932, tid=6860
#
# JRE version: Java(TM) SE Runtime Environment Oracle GraalVM 17.0.12+8.1 (17.0.12+8) (build 17.0.12+8-LTS-jvmci-23.0-b41)
# Java VM: Java HotSpot(TM) 64-Bit Server VM Oracle GraalVM 17.0.12+8.1 (17.0.12+8-LTS-jvmci-23.0-b41, mixed mode, sharing, tiered, jvmci, jvmci compiler, compressed oops, compressed class ptrs, g1 gc, windows-amd64)
# No core dump will be written. Minidumps are not enabled by default on client versions of Windows
#

---------------  S U M M A R Y ------------

Command Line: -XX:ThreadPriorityPolicy=1 -XX:+UnlockExperimentalVMOptions -XX:+EnableJVMCIProduct -XX:-UnlockExperimentalVMOptions -ea -javaagent:C:\Users\mosco\.m2\repository/org/aspectj/aspectjweaver/1.9.19/aspectjweaver-1.9.19.jar -Didea.test.cyclic.buffer.size=1048576 -javaagent:D:\Новая папка (2)\IntelliJ IDEA Community Edition 2024.1.4\lib\idea_rt.jar=50277:D:\Новая папка (2)\IntelliJ IDEA Community Edition 2024.1.4\bin -Dfile.encoding=UTF-8 com.intellij.rt.testng.RemoteTestNGStarter -usedefaultlisteners false -socket50276 @w@C:\Users\mosco\AppData\Local\Temp\idea_working_dirs_testng.tmp -temp C:\Users\mosco\AppData\Local\Temp\idea_testng.tmp

Host: Intel(R) Core(TM) i7-8750H CPU @ 2.20GHz, 12 cores, 15G,  Windows 10 , 64 bit Build 19041 (10.0.19041.3570)
Time: Tue Sep 24 14:17:43 2024  Windows 10 , 64 bit Build 19041 (10.0.19041.3570) elapsed time: 1.107284 seconds (0d 0h 0m 1s)

---------------  T H R E A D  ---------------

Current thread (0x0000015908245810):  JavaThread "C1 CompilerThread1" daemon [_thread_in_native, id=6860, stack(0x0000001f69a00000,0x0000001f69b00000)]


Current CompileTask:
C1:   1107 1203       3       jdk.internal.jimage.ImageStringsReader::stringFromByteBufferMatches (138 bytes)

Stack: [0x0000001f69a00000,0x0000001f69b00000]
Native frames: (J=compiled Java code, j=interpreted, Vv=VM code, C=native code)
V  [jvm.dll+0x66f82a]
V  [jvm.dll+0x7cf82e]
V  [jvm.dll+0x7d11b3]
V  [jvm.dll+0x7d1873]
V  [jvm.dll+0x24541f]
V  [jvm.dll+0xab9a4]
V  [jvm.dll+0xabd3c]
V  [jvm.dll+0x143388]
V  [jvm.dll+0x140f28]
V  [jvm.dll+0x13f585]
V  [jvm.dll+0x139623]
V  [jvm.dll+0x148c86]
V  [jvm.dll+0x134e00]
V  [jvm.dll+0x135160]
V  [jvm.dll+0x135438]
V  [jvm.dll+0x1348c1]
V  [jvm.dll+0x1365ad]
V  [jvm.dll+0x22662e]
V  [jvm.dll+0x22472e]
V  [jvm.dll+0x785f8c]
V  [jvm.dll+0x78041a]
V  [jvm.dll+0x66e715]
C  [ucrtbase.dll+0x21bb2]
C  [KERNEL32.DLL+0x17344]
C  [ntdll.dll+0x526b1]


---------------  P R O C E S S  ---------------

Threads class SMR info:
_java_thread_list=0x0000015880718360, length=15, elements={
0x000001589d357f70, 0x00000158c2e38ee0, 0x00000158c2e3a080, 0x00000158c2e4ea70,
0x0000015908003590, 0x0000015908004470, 0x0000015908005150, 0x0000015908011260,
0x0000015908012b80, 0x0000015908015cc0, 0x00000159080aa8b0, 0x0000015908245810,
0x0000015908248d70, 0x0000015880779520, 0x0000015880779a00
}

Java Threads: ( => current thread )
  0x000001589d357f70 JavaThread "main" [_thread_in_vm, id=18944, stack(0x0000001f68900000,0x0000001f68a00000)]
  0x00000158c2e38ee0 JavaThread "Reference Handler" daemon [_thread_blocked, id=16844, stack(0x0000001f69000000,0x0000001f69100000)]
  0x00000158c2e3a080 JavaThread "Finalizer" daemon [_thread_blocked, id=4600, stack(0x0000001f69100000,0x0000001f69200000)]
  0x00000158c2e4ea70 JavaThread "Signal Dispatcher" daemon [_thread_blocked, id=10792, stack(0x0000001f69200000,0x0000001f69300000)]
  0x0000015908003590 JavaThread "Attach Listener" daemon [_thread_blocked, id=8120, stack(0x0000001f69300000,0x0000001f69400000)]
  0x0000015908004470 JavaThread "Service Thread" daemon [_thread_blocked, id=19208, stack(0x0000001f69400000,0x0000001f69500000)]
  0x0000015908005150 JavaThread "Monitor Deflation Thread" daemon [_thread_blocked, id=15868, stack(0x0000001f69500000,0x0000001f69600000)]
  0x0000015908011260 JavaThread "JVMCI-native CompilerThread0" daemon [_thread_in_native, id=17180, stack(0x0000001f69600000,0x0000001f69700000)]
  0x0000015908012b80 JavaThread "C1 CompilerThread0" daemon [_thread_blocked, id=18640, stack(0x0000001f69700000,0x0000001f69800000)]
  0x0000015908015cc0 JavaThread "Sweeper thread" daemon [_thread_blocked, id=19336, stack(0x0000001f69800000,0x0000001f69900000)]
  0x00000159080aa8b0 JavaThread "Common-Cleaner" daemon [_thread_blocked, id=6912, stack(0x0000001f69900000,0x0000001f69a00000)]
=>0x0000015908245810 JavaThread "C1 CompilerThread1" daemon [_thread_in_native, id=6860, stack(0x0000001f69a00000,0x0000001f69b00000)]
  0x0000015908248d70 JavaThread "C1 CompilerThread2" daemon [_thread_blocked, id=5540, stack(0x0000001f69b00000,0x0000001f69c00000)]
  0x0000015880779520 JavaThread "Monitor Ctrl-Break" daemon [_thread_in_native, id=16120, stack(0x0000001f6a300000,0x0000001f6a400000)]
  0x0000015880779a00 JavaThread "Notification Thread" daemon [_thread_blocked, id=17668, stack(0x0000001f6a400000,0x0000001f6a500000)]

Other Threads:
  0x00000158c2e323b0 VMThread "VM Thread" [stack: 0x0000001f68f00000,0x0000001f69000000] [id=16032]
  0x000001589d3dda80 WatcherThread [stack: 0x0000001f6a500000,0x0000001f6a600000] [id=1052]
  0x000001589d3c0fe0 GCTaskThread "GC Thread#0" [stack: 0x0000001f68a00000,0x0000001f68b00000] [id=16916]
  0x0000015880717d00 GCTaskThread "GC Thread#1" [stack: 0x0000001f69c00000,0x0000001f69d00000] [id=13476]
  0x00000158806ee790 GCTaskThread "GC Thread#2" [stack: 0x0000001f69d00000,0x0000001f69e00000] [id=12692]
  0x00000158806eea50 GCTaskThread "GC Thread#3" [stack: 0x0000001f69e00000,0x0000001f69f00000] [id=17572]
  0x0000015880703470 GCTaskThread "GC Thread#4" [stack: 0x0000001f69f00000,0x0000001f6a000000] [id=2036]
  0x0000015880703f50 GCTaskThread "GC Thread#5" [stack: 0x0000001f6a000000,0x0000001f6a100000] [id=17864]
  0x0000015880735110 GCTaskThread "GC Thread#6" [stack: 0x0000001f6a100000,0x0000001f6a200000] [id=1864]
  0x00000158807363e0 GCTaskThread "GC Thread#7" [stack: 0x0000001f6a200000,0x0000001f6a300000] [id=7788]
  0x000001589d3d1b10 ConcurrentGCThread "G1 Main Marker" [stack: 0x0000001f68b00000,0x0000001f68c00000] [id=16604]
  0x000001589d3d4bf0 ConcurrentGCThread "G1 Conc#0" [stack: 0x0000001f68c00000,0x0000001f68d00000] [id=18036]
  0x00000158c2cea520 ConcurrentGCThread "G1 Refine#0" [stack: 0x0000001f68d00000,0x0000001f68e00000] [id=17500]
  0x00000158c2ceae60 ConcurrentGCThread "G1 Service" [stack: 0x0000001f68e00000,0x0000001f68f00000] [id=16708]

Threads with active compile tasks:
JVMCI-native CompilerThread0     1158 1072       4       java.lang.StringBuilder::append (8 bytes)
C1 CompilerThread1     1158 1203       3       jdk.internal.jimage.ImageStringsReader::stringFromByteBufferMatches (138 bytes)

VM state: not at safepoint (normal execution)

VM Mutex/Monitor currently owned by a thread: None

Heap address: 0x0000000703200000, size: 4046 MB, Compressed Oops mode: Zero based, Oop shift amount: 3

CDS archive(s) mapped at: [0x00000158c3000000-0x00000158c3bd0000-0x00000158c3bd0000), size 12386304, SharedBaseAddress: 0x00000158c3000000, ArchiveRelocationMode: 1.
Compressed class space mapped at: 0x00000158c4000000-0x0000015904000000, reserved size: 1073741824
Narrow klass base: 0x00000158c3000000, Narrow klass shift: 0, Narrow klass range: 0x100000000

GC Precious Log:
 CPUs: 12 total, 12 available
 Memory: 16178M
 Large Page Support: Disabled
 NUMA Support: Disabled
 Compressed Oops: Enabled (Zero based)
 Heap Region Size: 2M
 Heap Min Capacity: 8M
 Heap Initial Capacity: 254M
 Heap Max Capacity: 4046M
 Pre-touch: Disabled
 Parallel Workers: 10
 Concurrent Workers: 3
 Concurrent Refinement Workers: 10
 Periodic GC: Disabled

Heap:
 garbage-first heap   total 260096K, used 17974K [0x0000000703200000, 0x0000000800000000)
  region size 2048K, 8 young (16384K), 2 survivors (4096K)
 Metaspace       used 7362K, committed 7552K, reserved 1114112K
  class space    used 631K, committed 768K, reserved 1048576K

Heap Regions: E=young(eden), S=young(survivor), O=old, HS=humongous(starts), HC=humongous(continues), CS=collection set, F=free, OA=open archive, CA=closed archive, TAMS=top-at-mark-start (previous, next)
|   0|0x0000000703200000, 0x0000000703400000, 0x0000000703400000|100%| O|  |TAMS 0x0000000703200000, 0x0000000703200000| Untracked 
|   1|0x0000000703400000, 0x000000070358da00, 0x0000000703600000| 77%| O|  |TAMS 0x0000000703400000, 0x0000000703400000| Untracked 
|   2|0x0000000703600000, 0x0000000703600000, 0x0000000703800000|  0%| F|  |TAMS 0x0000000703600000, 0x0000000703600000| Untracked 
|   3|0x0000000703800000, 0x0000000703800000, 0x0000000703a00000|  0%| F|  |TAMS 0x0000000703800000, 0x0000000703800000| Untracked 
|   4|0x0000000703a00000, 0x0000000703a00000, 0x0000000703c00000|  0%| F|  |TAMS 0x0000000703a00000, 0x0000000703a00000| Untracked 
|   5|0x0000000703c00000, 0x0000000703c00000, 0x0000000703e00000|  0%| F|  |TAMS 0x0000000703c00000, 0x0000000703c00000| Untracked 
|   6|0x0000000703e00000, 0x0000000703e00000, 0x0000000704000000|  0%| F|  |TAMS 0x0000000703e00000, 0x0000000703e00000| Untracked 
|   7|0x0000000704000000, 0x0000000704000000, 0x0000000704200000|  0%| F|  |TAMS 0x0000000704000000, 0x0000000704000000| Untracked 
|   8|0x0000000704200000, 0x0000000704200000, 0x0000000704400000|  0%| F|  |TAMS 0x0000000704200000, 0x0000000704200000| Untracked 
|   9|0x0000000704400000, 0x0000000704400000, 0x0000000704600000|  0%| F|  |TAMS 0x0000000704400000, 0x0000000704400000| Untracked 
|  10|0x0000000704600000, 0x0000000704600000, 0x0000000704800000|  0%| F|  |TAMS 0x0000000704600000, 0x0000000704600000| Untracked 
|  11|0x0000000704800000, 0x0000000704800000, 0x0000000704a00000|  0%| F|  |TAMS 0x0000000704800000, 0x0000000704800000| Untracked 
|  12|0x0000000704a00000, 0x0000000704a00000, 0x0000000704c00000|  0%| F|  |TAMS 0x0000000704a00000, 0x0000000704a00000| Untracked 
|  13|0x0000000704c00000, 0x0000000704c00000, 0x0000000704e00000|  0%| F|  |TAMS 0x0000000704c00000, 0x0000000704c00000| Untracked 
|  14|0x0000000704e00000, 0x0000000704e00000, 0x0000000705000000|  0%| F|  |TAMS 0x0000000704e00000, 0x0000000704e00000| Untracked 
|  15|0x0000000705000000, 0x0000000705000000, 0x0000000705200000|  0%| F|  |TAMS 0x0000000705000000, 0x0000000705000000| Untracked 
|  16|0x0000000705200000, 0x0000000705200000, 0x0000000705400000|  0%| F|  |TAMS 0x0000000705200000, 0x0000000705200000| Untracked 
|  17|0x0000000705400000, 0x0000000705400000, 0x0000000705600000|  0%| F|  |TAMS 0x0000000705400000, 0x0000000705400000| Untracked 
|  18|0x0000000705600000, 0x0000000705600000, 0x0000000705800000|  0%| F|  |TAMS 0x0000000705600000, 0x0000000705600000| Untracked 
|  19|0x0000000705800000, 0x0000000705800000, 0x0000000705a00000|  0%| F|  |TAMS 0x0000000705800000, 0x0000000705800000| Untracked 
|  20|0x0000000705a00000, 0x0000000705a00000, 0x0000000705c00000|  0%| F|  |TAMS 0x0000000705a00000, 0x0000000705a00000| Untracked 
|  21|0x0000000705c00000, 0x0000000705c00000, 0x0000000705e00000|  0%| F|  |TAMS 0x0000000705c00000, 0x0000000705c00000| Untracked 
|  22|0x0000000705e00000, 0x0000000705e00000, 0x0000000706000000|  0%| F|  |TAMS 0x0000000705e00000, 0x0000000705e00000| Untracked 
|  23|0x0000000706000000, 0x0000000706000000, 0x0000000706200000|  0%| F|  |TAMS 0x0000000706000000, 0x0000000706000000| Untracked 
|  24|0x0000000706200000, 0x0000000706200000, 0x0000000706400000|  0%| F|  |TAMS 0x0000000706200000, 0x0000000706200000| Untracked 
|  25|0x0000000706400000, 0x0000000706400000, 0x0000000706600000|  0%| F|  |TAMS 0x0000000706400000, 0x0000000706400000| Untracked 
|  26|0x0000000706600000, 0x0000000706600000, 0x0000000706800000|  0%| F|  |TAMS 0x0000000706600000, 0x0000000706600000| Untracked 
|  27|0x0000000706800000, 0x0000000706800000, 0x0000000706a00000|  0%| F|  |TAMS 0x0000000706800000, 0x0000000706800000| Untracked 
|  28|0x0000000706a00000, 0x0000000706a00000, 0x0000000706c00000|  0%| F|  |TAMS 0x0000000706a00000, 0x0000000706a00000| Untracked 
|  29|0x0000000706c00000, 0x0000000706c00000, 0x0000000706e00000|  0%| F|  |TAMS 0x0000000706c00000, 0x0000000706c00000| Untracked 
|  30|0x0000000706e00000, 0x0000000706e00000, 0x0000000707000000|  0%| F|  |TAMS 0x0000000706e00000, 0x0000000706e00000| Untracked 
|  31|0x0000000707000000, 0x0000000707000000, 0x0000000707200000|  0%| F|  |TAMS 0x0000000707000000, 0x0000000707000000| Untracked 
|  32|0x0000000707200000, 0x0000000707200000, 0x0000000707400000|  0%| F|  |TAMS 0x0000000707200000, 0x0000000707200000| Untracked 
|  33|0x0000000707400000, 0x0000000707400000, 0x0000000707600000|  0%| F|  |TAMS 0x0000000707400000, 0x0000000707400000| Untracked 
|  34|0x0000000707600000, 0x0000000707600000, 0x0000000707800000|  0%| F|  |TAMS 0x0000000707600000, 0x0000000707600000| Untracked 
|  35|0x0000000707800000, 0x0000000707800000, 0x0000000707a00000|  0%| F|  |TAMS 0x0000000707800000, 0x0000000707800000| Untracked 
|  36|0x0000000707a00000, 0x0000000707a00000, 0x0000000707c00000|  0%| F|  |TAMS 0x0000000707a00000, 0x0000000707a00000| Untracked 
|  37|0x0000000707c00000, 0x0000000707c00000, 0x0000000707e00000|  0%| F|  |TAMS 0x0000000707c00000, 0x0000000707c00000| Untracked 
|  38|0x0000000707e00000, 0x0000000707e00000, 0x0000000708000000|  0%| F|  |TAMS 0x0000000707e00000, 0x0000000707e00000| Untracked 
|  39|0x0000000708000000, 0x0000000708000000, 0x0000000708200000|  0%| F|  |TAMS 0x0000000708000000, 0x0000000708000000| Untracked 
|  40|0x0000000708200000, 0x0000000708200000, 0x0000000708400000|  0%| F|  |TAMS 0x0000000708200000, 0x0000000708200000| Untracked 
|  41|0x0000000708400000, 0x0000000708400000, 0x0000000708600000|  0%| F|  |TAMS 0x0000000708400000, 0x0000000708400000| Untracked 
|  42|0x0000000708600000, 0x0000000708600000, 0x0000000708800000|  0%| F|  |TAMS 0x0000000708600000, 0x0000000708600000| Untracked 
|  43|0x0000000708800000, 0x0000000708800000, 0x0000000708a00000|  0%| F|  |TAMS 0x0000000708800000, 0x0000000708800000| Untracked 
|  44|0x0000000708a00000, 0x0000000708a00000, 0x0000000708c00000|  0%| F|  |TAMS 0x0000000708a00000, 0x0000000708a00000| Untracked 
|  45|0x0000000708c00000, 0x0000000708c00000, 0x0000000708e00000|  0%| F|  |TAMS 0x0000000708c00000, 0x0000000708c00000| Untracked 
|  46|0x0000000708e00000, 0x0000000708e00000, 0x0000000709000000|  0%| F|  |TAMS 0x0000000708e00000, 0x0000000708e00000| Untracked 
|  47|0x0000000709000000, 0x0000000709000000, 0x0000000709200000|  0%| F|  |TAMS 0x0000000709000000, 0x0000000709000000| Untracked 
|  48|0x0000000709200000, 0x0000000709200000, 0x0000000709400000|  0%| F|  |TAMS 0x0000000709200000, 0x0000000709200000| Untracked 
|  49|0x0000000709400000, 0x0000000709400000, 0x0000000709600000|  0%| F|  |TAMS 0x0000000709400000, 0x0000000709400000| Untracked 
|  50|0x0000000709600000, 0x0000000709600000, 0x0000000709800000|  0%| F|  |TAMS 0x0000000709600000, 0x0000000709600000| Untracked 
|  51|0x0000000709800000, 0x0000000709800000, 0x0000000709a00000|  0%| F|  |TAMS 0x0000000709800000, 0x0000000709800000| Untracked 
|  52|0x0000000709a00000, 0x0000000709a00000, 0x0000000709c00000|  0%| F|  |TAMS 0x0000000709a00000, 0x0000000709a00000| Untracked 
|  53|0x0000000709c00000, 0x0000000709c00000, 0x0000000709e00000|  0%| F|  |TAMS 0x0000000709c00000, 0x0000000709c00000| Untracked 
|  54|0x0000000709e00000, 0x0000000709e00000, 0x000000070a000000|  0%| F|  |TAMS 0x0000000709e00000, 0x0000000709e00000| Untracked 
|  55|0x000000070a000000, 0x000000070a000000, 0x000000070a200000|  0%| F|  |TAMS 0x000000070a000000, 0x000000070a000000| Untracked 
|  56|0x000000070a200000, 0x000000070a200000, 0x000000070a400000|  0%| F|  |TAMS 0x000000070a200000, 0x000000070a200000| Untracked 
|  57|0x000000070a400000, 0x000000070a400000, 0x000000070a600000|  0%| F|  |TAMS 0x000000070a400000, 0x000000070a400000| Untracked 
|  58|0x000000070a600000, 0x000000070a600000, 0x000000070a800000|  0%| F|  |TAMS 0x000000070a600000, 0x000000070a600000| Untracked 
|  59|0x000000070a800000, 0x000000070a800000, 0x000000070aa00000|  0%| F|  |TAMS 0x000000070a800000, 0x000000070a800000| Untracked 
|  60|0x000000070aa00000, 0x000000070aa00000, 0x000000070ac00000|  0%| F|  |TAMS 0x000000070aa00000, 0x000000070aa00000| Untracked 
|  61|0x000000070ac00000, 0x000000070ac00000, 0x000000070ae00000|  0%| F|  |TAMS 0x000000070ac00000, 0x000000070ac00000| Untracked 
|  62|0x000000070ae00000, 0x000000070ae00000, 0x000000070b000000|  0%| F|  |TAMS 0x000000070ae00000, 0x000000070ae00000| Untracked 
|  63|0x000000070b000000, 0x000000070b000000, 0x000000070b200000|  0%| F|  |TAMS 0x000000070b000000, 0x000000070b000000| Untracked 
|  64|0x000000070b200000, 0x000000070b200000, 0x000000070b400000|  0%| F|  |TAMS 0x000000070b200000, 0x000000070b200000| Untracked 
|  65|0x000000070b400000, 0x000000070b400000, 0x000000070b600000|  0%| F|  |TAMS 0x000000070b400000, 0x000000070b400000| Untracked 
|  66|0x000000070b600000, 0x000000070b600000, 0x000000070b800000|  0%| F|  |TAMS 0x000000070b600000, 0x000000070b600000| Untracked 
|  67|0x000000070b800000, 0x000000070b800000, 0x000000070ba00000|  0%| F|  |TAMS 0x000000070b800000, 0x000000070b800000| Untracked 
|  68|0x000000070ba00000, 0x000000070ba00000, 0x000000070bc00000|  0%| F|  |TAMS 0x000000070ba00000, 0x000000070ba00000| Untracked 
|  69|0x000000070bc00000, 0x000000070bc00000, 0x000000070be00000|  0%| F|  |TAMS 0x000000070bc00000, 0x000000070bc00000| Untracked 
|  70|0x000000070be00000, 0x000000070be00000, 0x000000070c000000|  0%| F|  |TAMS 0x000000070be00000, 0x000000070be00000| Untracked 
|  71|0x000000070c000000, 0x000000070c000000, 0x000000070c200000|  0%| F|  |TAMS 0x000000070c000000, 0x000000070c000000| Untracked 
|  72|0x000000070c200000, 0x000000070c200000, 0x000000070c400000|  0%| F|  |TAMS 0x000000070c200000, 0x000000070c200000| Untracked 
|  73|0x000000070c400000, 0x000000070c400000, 0x000000070c600000|  0%| F|  |TAMS 0x000000070c400000, 0x000000070c400000| Untracked 
|  74|0x000000070c600000, 0x000000070c600000, 0x000000070c800000|  0%| F|  |TAMS 0x000000070c600000, 0x000000070c600000| Untracked 
|  75|0x000000070c800000, 0x000000070c800000, 0x000000070ca00000|  0%| F|  |TAMS 0x000000070c800000, 0x000000070c800000| Untracked 
|  76|0x000000070ca00000, 0x000000070ca00000, 0x000000070cc00000|  0%| F|  |TAMS 0x000000070ca00000, 0x000000070ca00000| Untracked 
|  77|0x000000070cc00000, 0x000000070cc00000, 0x000000070ce00000|  0%| F|  |TAMS 0x000000070cc00000, 0x000000070cc00000| Untracked 
|  78|0x000000070ce00000, 0x000000070ce00000, 0x000000070d000000|  0%| F|  |TAMS 0x000000070ce00000, 0x000000070ce00000| Untracked 
|  79|0x000000070d000000, 0x000000070d000000, 0x000000070d200000|  0%| F|  |TAMS 0x000000070d000000, 0x000000070d000000| Untracked 
|  80|0x000000070d200000, 0x000000070d200000, 0x000000070d400000|  0%| F|  |TAMS 0x000000070d200000, 0x000000070d200000| Untracked 
|  81|0x000000070d400000, 0x000000070d400000, 0x000000070d600000|  0%| F|  |TAMS 0x000000070d400000, 0x000000070d400000| Untracked 
|  82|0x000000070d600000, 0x000000070d600000, 0x000000070d800000|  0%| F|  |TAMS 0x000000070d600000, 0x000000070d600000| Untracked 
|  83|0x000000070d800000, 0x000000070d800000, 0x000000070da00000|  0%| F|  |TAMS 0x000000070d800000, 0x000000070d800000| Untracked 
|  84|0x000000070da00000, 0x000000070da00000, 0x000000070dc00000|  0%| F|  |TAMS 0x000000070da00000, 0x000000070da00000| Untracked 
|  85|0x000000070dc00000, 0x000000070dc00000, 0x000000070de00000|  0%| F|  |TAMS 0x000000070dc00000, 0x000000070dc00000| Untracked 
|  86|0x000000070de00000, 0x000000070de00000, 0x000000070e000000|  0%| F|  |TAMS 0x000000070de00000, 0x000000070de00000| Untracked 
|  87|0x000000070e000000, 0x000000070e000000, 0x000000070e200000|  0%| F|  |TAMS 0x000000070e000000, 0x000000070e000000| Untracked 
|  88|0x000000070e200000, 0x000000070e200000, 0x000000070e400000|  0%| F|  |TAMS 0x000000070e200000, 0x000000070e200000| Untracked 
|  89|0x000000070e400000, 0x000000070e400000, 0x000000070e600000|  0%| F|  |TAMS 0x000000070e400000, 0x000000070e400000| Untracked 
|  90|0x000000070e600000, 0x000000070e600000, 0x000000070e800000|  0%| F|  |TAMS 0x000000070e600000, 0x000000070e600000| Untracked 
|  91|0x000000070e800000, 0x000000070e800000, 0x000000070ea00000|  0%| F|  |TAMS 0x000000070e800000, 0x000000070e800000| Untracked 
|  92|0x000000070ea00000, 0x000000070ea00000, 0x000000070ec00000|  0%| F|  |TAMS 0x000000070ea00000, 0x000000070ea00000| Untracked 
|  93|0x000000070ec00000, 0x000000070ec00000, 0x000000070ee00000|  0%| F|  |TAMS 0x000000070ec00000, 0x000000070ec00000| Untracked 
|  94|0x000000070ee00000, 0x000000070ee00000, 0x000000070f000000|  0%| F|  |TAMS 0x000000070ee00000, 0x000000070ee00000| Untracked 
|  95|0x000000070f000000, 0x000000070f000000, 0x000000070f200000|  0%| F|  |TAMS 0x000000070f000000, 0x000000070f000000| Untracked 
|  96|0x000000070f200000, 0x000000070f200000, 0x000000070f400000|  0%| F|  |TAMS 0x000000070f200000, 0x000000070f200000| Untracked 
|  97|0x000000070f400000, 0x000000070f400000, 0x000000070f600000|  0%| F|  |TAMS 0x000000070f400000, 0x000000070f400000| Untracked 
|  98|0x000000070f600000, 0x000000070f600000, 0x000000070f800000|  0%| F|  |TAMS 0x000000070f600000, 0x000000070f600000| Untracked 
|  99|0x000000070f800000, 0x000000070f800000, 0x000000070fa00000|  0%| F|  |TAMS 0x000000070f800000, 0x000000070f800000| Untracked 
| 100|0x000000070fa00000, 0x000000070fa00000, 0x000000070fc00000|  0%| F|  |TAMS 0x000000070fa00000, 0x000000070fa00000| Untracked 
| 101|0x000000070fc00000, 0x000000070fc00000, 0x000000070fe00000|  0%| F|  |TAMS 0x000000070fc00000, 0x000000070fc00000| Untracked 
| 102|0x000000070fe00000, 0x000000070fe00000, 0x0000000710000000|  0%| F|  |TAMS 0x000000070fe00000, 0x000000070fe00000| Untracked 
| 103|0x0000000710000000, 0x0000000710000000, 0x0000000710200000|  0%| F|  |TAMS 0x0000000710000000, 0x0000000710000000| Untracked 
| 104|0x0000000710200000, 0x0000000710200000, 0x0000000710400000|  0%| F|  |TAMS 0x0000000710200000, 0x0000000710200000| Untracked 
| 105|0x0000000710400000, 0x0000000710400000, 0x0000000710600000|  0%| F|  |TAMS 0x0000000710400000, 0x0000000710400000| Untracked 
| 106|0x0000000710600000, 0x0000000710600000, 0x0000000710800000|  0%| F|  |TAMS 0x0000000710600000, 0x0000000710600000| Untracked 
| 107|0x0000000710800000, 0x0000000710800000, 0x0000000710a00000|  0%| F|  |TAMS 0x0000000710800000, 0x0000000710800000| Untracked 
| 108|0x0000000710a00000, 0x0000000710a00000, 0x0000000710c00000|  0%| F|  |TAMS 0x0000000710a00000, 0x0000000710a00000| Untracked 
| 109|0x0000000710c00000, 0x0000000710c00000, 0x0000000710e00000|  0%| F|  |TAMS 0x0000000710c00000, 0x0000000710c00000| Untracked 
| 110|0x0000000710e00000, 0x0000000710e00000, 0x0000000711000000|  0%| F|  |TAMS 0x0000000710e00000, 0x0000000710e00000| Untracked 
| 111|0x0000000711000000, 0x0000000711000000, 0x0000000711200000|  0%| F|  |TAMS 0x0000000711000000, 0x0000000711000000| Untracked 
| 112|0x0000000711200000, 0x0000000711200000, 0x0000000711400000|  0%| F|  |TAMS 0x0000000711200000, 0x0000000711200000| Untracked 
| 113|0x0000000711400000, 0x0000000711400000, 0x0000000711600000|  0%| F|  |TAMS 0x0000000711400000, 0x0000000711400000| Untracked 
| 114|0x0000000711600000, 0x0000000711800000, 0x0000000711800000|100%| S|CS|TAMS 0x0000000711600000, 0x0000000711600000| Complete 
| 115|0x0000000711800000, 0x0000000711a00000, 0x0000000711a00000|100%| S|CS|TAMS 0x0000000711800000, 0x0000000711800000| Complete 
| 116|0x0000000711a00000, 0x0000000711a00000, 0x0000000711c00000|  0%| F|  |TAMS 0x0000000711a00000, 0x0000000711a00000| Untracked 
| 117|0x0000000711c00000, 0x0000000711c00000, 0x0000000711e00000|  0%| F|  |TAMS 0x0000000711c00000, 0x0000000711c00000| Untracked 
| 118|0x0000000711e00000, 0x0000000711e00000, 0x0000000712000000|  0%| F|  |TAMS 0x0000000711e00000, 0x0000000711e00000| Untracked 
| 119|0x0000000712000000, 0x0000000712000000, 0x0000000712200000|  0%| F|  |TAMS 0x0000000712000000, 0x0000000712000000| Untracked 
| 120|0x0000000712200000, 0x0000000712200000, 0x0000000712400000|  0%| F|  |TAMS 0x0000000712200000, 0x0000000712200000| Untracked 
| 121|0x0000000712400000, 0x00000007124d2aa0, 0x0000000712600000| 41%| E|  |TAMS 0x0000000712400000, 0x0000000712400000| Complete 
| 122|0x0000000712600000, 0x0000000712800000, 0x0000000712800000|100%| E|CS|TAMS 0x0000000712600000, 0x0000000712600000| Complete 
| 123|0x0000000712800000, 0x0000000712a00000, 0x0000000712a00000|100%| E|CS|TAMS 0x0000000712800000, 0x0000000712800000| Complete 
| 124|0x0000000712a00000, 0x0000000712c00000, 0x0000000712c00000|100%| E|CS|TAMS 0x0000000712a00000, 0x0000000712a00000| Complete 
| 125|0x0000000712c00000, 0x0000000712e00000, 0x0000000712e00000|100%| E|CS|TAMS 0x0000000712c00000, 0x0000000712c00000| Complete 
| 126|0x0000000712e00000, 0x0000000713000000, 0x0000000713000000|100%| E|CS|TAMS 0x0000000712e00000, 0x0000000712e00000| Complete 

Card table byte_map: [0x00000158b7350000,0x00000158b7b40000] _byte_map_base: 0x00000158b3b37000

Marking Bits (Prev, Next): (CMBitMap*) 0x000001589d3c1510, (CMBitMap*) 0x000001589d3c1550
 Prev Bits: [0x00000158b8330000, 0x00000158bc268000)
 Next Bits: [0x00000158bc270000, 0x00000158c01a8000)

Polling page: 0x000001589b2b0000

Metaspace:

Usage:
  Non-class:      6.57 MB used.
      Class:    631.28 KB used.
       Both:      7.19 MB used.

Virtual space:
  Non-class space:       64.00 MB reserved,       6.62 MB ( 10%) committed,  1 nodes.
      Class space:        1.00 GB reserved,     768.00 KB ( <1%) committed,  1 nodes.
             Both:        1.06 GB reserved,       7.38 MB ( <1%) committed. 

Chunk freelists:
   Non-Class:  8.38 MB
       Class:  15.12 MB
        Both:  23.50 MB

MaxMetaspaceSize: unlimited
CompressedClassSpaceSize: 1.00 GB
Initial GC threshold: 21.00 MB
Current GC threshold: 21.00 MB
CDS: on
MetaspaceReclaimPolicy: balanced
 - commit_granule_bytes: 65536.
 - commit_granule_words: 8192.
 - virtual_space_node_default_size: 8388608.
 - enlarge_chunks_in_place: 1.
 - new_chunks_are_fully_committed: 0.
 - uncommit_free_chunks: 1.
 - use_allocation_guard: 0.
 - handle_deallocations: 1.


Internal statistics:

num_allocs_failed_limit: 0.
num_arena_births: 40.
num_arena_deaths: 0.
num_vsnodes_births: 2.
num_vsnodes_deaths: 0.
num_space_committed: 118.
num_space_uncommitted: 0.
num_chunks_returned_to_freelist: 0.
num_chunks_taken_from_freelist: 189.
num_chunk_merges: 0.
num_chunk_splits: 154.
num_chunks_enlarged: 137.
num_inconsistent_stats: 0.

CodeHeap 'non-profiled nmethods': size=119488Kb used=360Kb max_used=360Kb free=119127Kb
 bounds [0x00000158af160000, 0x00000158af3d0000, 0x00000158b6610000]
CodeHeap 'profiled nmethods': size=119424Kb used=2274Kb max_used=2274Kb free=117149Kb
 bounds [0x00000158a7610000, 0x00000158a7880000, 0x00000158aeab0000]
CodeHeap 'non-nmethods': size=6848Kb used=2283Kb max_used=2295Kb free=4564Kb
 bounds [0x00000158aeab0000, 0x00000158aed20000, 0x00000158af160000]
 total_blobs=1648 nmethods=1202 adapters=360
 compilation: enabled
              stopped_count=0, restarted_count=0
 full_count=0

JVMCI Events (20 events):
Event: 0.646 Thread 0x0000015908011260 compacted oop handles in JVMCI runtime 0 from 104 to 92
Event: 0.673 Thread 0x0000015908011260 compacted oop handles in JVMCI runtime 0 from 101 to 93
Event: 0.677 Thread 0x0000015908011260 compacted oop handles in JVMCI runtime 0 from 100 to 93
Event: 0.712 Thread 0x0000015908011260 compacted oop handles in JVMCI runtime 0 from 113 to 108
Event: 0.713 Thread 0x0000015908011260 compacted oop handles in JVMCI runtime 0 from 109 to 53
Event: 0.723 Thread 0x0000015908011260 compacted oop handles in JVMCI runtime 0 from 66 to 61
Event: 0.736 Thread 0x0000015908011260 compacted oop handles in JVMCI runtime 0 from 71 to 66
Event: 0.747 Thread 0x0000015908011260 compacted oop handles in JVMCI runtime 0 from 72 to 67
Event: 0.777 Thread 0x0000015908011260 compacted oop handles in JVMCI runtime 0 from 111 to 99
Event: 0.813 Thread 0x0000015908011260 compacted oop handles in JVMCI runtime 0 from 109 to 101
Event: 0.825 Thread 0x0000015908011260 compacted oop handles in JVMCI runtime 0 from 101 to 65
Event: 0.832 Thread 0x0000015908011260 compacted oop handles in JVMCI runtime 0 from 68 to 67
Event: 0.838 Thread 0x0000015908011260 compacted oop handles in JVMCI runtime 0 from 85 to 79
Event: 0.862 Thread 0x0000015908011260 compacted oop handles in JVMCI runtime 0 from 82 to 80
Event: 0.864 Thread 0x0000015908011260 compacted oop handles in JVMCI runtime 0 from 95 to 90
Event: 0.963 Thread 0x0000015908011260 compacted oop handles in JVMCI runtime 0 from 95 to 94
Event: 0.963 Thread 0x0000015908011260 compacted oop handles in JVMCI runtime 0 from 95 to 71
Event: 0.986 Thread 0x0000015908011260 compacted oop handles in JVMCI runtime 0 from 78 to 75
Event: 1.079 Thread 0x0000015908011260 compacted oop handles in JVMCI runtime 0 from 95 to 94
Event: 1.079 Thread 0x0000015908011260 compacted oop handles in JVMCI runtime 0 from 95 to 57

Compilation events (20 events):
Event: 1.096 Thread 0x0000015908245810 nmethod 1189 0x00000158a7834210 code [0x00000158a78343a0, 0x00000158a78344f8]
Event: 1.096 Thread 0x0000015908248d70 nmethod 1192 0x00000158a7834590 code [0x00000158a78347a0, 0x00000158a7834d78]
Event: 1.098 Thread 0x0000015908245810 1197       2       org.aspectj.apache.bcel.classfile.ConstantPool::getConstantString (103 bytes)
Event: 1.098 Thread 0x0000015908248d70 1198       1       org.aspectj.weaver.ResolvedType::isMissing (2 bytes)
Event: 1.098 Thread 0x0000015908248d70 nmethod 1198 0x00000158af1b3110 code [0x00000158af1b32a0, 0x00000158af1b3378]
Event: 1.098 Thread 0x0000015908248d70 1199       2       org.aspectj.weaver.bcel.LazyMethodGen::hasBody (36 bytes)
Event: 1.098 Thread 0x0000015908248d70 nmethod 1199 0x00000158a7835090 code [0x00000158a7835240, 0x00000158a78353e8]
Event: 1.098 Thread 0x0000015908248d70 1200       1       org.aspectj.weaver.bcel.LazyMethodGen::getMaxLocals (5 bytes)
Event: 1.098 Thread 0x0000015908248d70 nmethod 1200 0x00000158af1b3410 code [0x00000158af1b35a0, 0x00000158af1b3678]
Event: 1.099 Thread 0x0000015908245810 nmethod 1197 0x00000158a7835510 code [0x00000158a7835720, 0x00000158a7835b98]
Event: 1.101 Thread 0x0000015908245810 1201  s    1       java.util.Vector::size (5 bytes)
Event: 1.102 Thread 0x0000015908245810 nmethod 1201 0x00000158af1b3710 code [0x00000158af1b38a0, 0x00000158af1b3a18]
Event: 1.102 Thread 0x0000015908245810 1203       3       jdk.internal.jimage.ImageStringsReader::stringFromByteBufferMatches (138 bytes)
Event: 1.102 Thread 0x0000015908248d70 1202       3       jdk.internal.jimage.BasicImageReader::match (37 bytes)
Event: 1.103 Thread 0x0000015908248d70 nmethod 1202 0x00000158a7835e90 code [0x00000158a7836040, 0x00000158a78362d8]
Event: 1.103 Thread 0x0000015908248d70 1204       1       org.aspectj.apache.bcel.classfile.JavaClass::getAttributes (5 bytes)
Event: 1.103 Thread 0x0000015908248d70 nmethod 1204 0x00000158af1b3a90 code [0x00000158af1b3c20, 0x00000158af1b3cf8]
Event: 1.103 Thread 0x0000015908248d70 1205       2       org.aspectj.weaver.ResolvedMemberImpl::<init> (79 bytes)
Event: 1.104 Thread 0x0000015908248d70 nmethod 1205 0x00000158a7836410 code [0x00000158a78365c0, 0x00000158a7836948]
Event: 1.104 Thread 0x0000015908248d70 1208   !   2       jdk.internal.loader.BuiltinClassLoader$2::run (114 bytes)

GC Heap History (2 events):
Event: 0.793 GC heap before
{Heap before GC invocations=0 (full 0):
 garbage-first heap   total 260096K, used 22528K [0x0000000703200000, 0x0000000800000000)
  region size 2048K, 11 young (22528K), 0 survivors (0K)
 Metaspace       used 4870K, committed 5056K, reserved 1114112K
  class space    used 437K, committed 512K, reserved 1048576K
}
Event: 0.799 GC heap after
{Heap after GC invocations=1 (full 0):
 garbage-first heap   total 260096K, used 7734K [0x0000000703200000, 0x0000000800000000)
  region size 2048K, 2 young (4096K), 2 survivors (4096K)
 Metaspace       used 4870K, committed 5056K, reserved 1114112K
  class space    used 437K, committed 512K, reserved 1048576K
}

Deoptimization events (20 events):
Event: 1.049 Thread 0x000001589d357f70 DEOPT PACKING pc=0x00000158a7781d91 sp=0x0000001f689fbb90
Event: 1.049 Thread 0x000001589d357f70 DEOPT UNPACKING pc=0x00000158aeb02945 sp=0x0000001f689fb0a0 mode 0
Event: 1.050 Thread 0x000001589d357f70 Uncommon trap: trap_request=0xffffffed fr.pc=0x00000158af1945a5 relative=0x0000000000000ce5
Event: 1.050 Thread 0x000001589d357f70 Uncommon trap: reason=null_assert_or_unreached0 action=reinterpret pc=0x00000158af1945a5 method=java.util.jar.JarFile.checkForSpecialAttributes()V @ 26 jvmci
Event: 1.050 Thread 0x000001589d357f70 DEOPT PACKING pc=0x00000158af1945a5 sp=0x0000001f689fbd50
Event: 1.050 Thread 0x000001589d357f70 DEOPT UNPACKING pc=0x00000158aeb02945 sp=0x0000001f689fb108 mode 3
Event: 1.053 Thread 0x000001589d357f70 DEOPT PACKING pc=0x00000158a7781d91 sp=0x0000001f689faeb0
Event: 1.054 Thread 0x000001589d357f70 DEOPT UNPACKING pc=0x00000158aeb02945 sp=0x0000001f689fa3c0 mode 0
Event: 1.064 Thread 0x000001589d357f70 DEOPT PACKING pc=0x00000158a7781d91 sp=0x0000001f689fa180
Event: 1.064 Thread 0x000001589d357f70 DEOPT UNPACKING pc=0x00000158aeb02945 sp=0x0000001f689f9690 mode 0
Event: 1.073 Thread 0x000001589d357f70 DEOPT PACKING pc=0x00000158a7781d91 sp=0x0000001f689fa210
Event: 1.073 Thread 0x000001589d357f70 DEOPT UNPACKING pc=0x00000158aeb02945 sp=0x0000001f689f9720 mode 0
Event: 1.074 Thread 0x000001589d357f70 DEOPT PACKING pc=0x00000158a770a26b sp=0x0000001f689fa120
Event: 1.074 Thread 0x000001589d357f70 DEOPT UNPACKING pc=0x00000158aeb02945 sp=0x0000001f689f9580 mode 0
Event: 1.080 Thread 0x000001589d357f70 DEOPT PACKING pc=0x00000158a7781d91 sp=0x0000001f689fa1d0
Event: 1.080 Thread 0x000001589d357f70 DEOPT UNPACKING pc=0x00000158aeb02945 sp=0x0000001f689f96e0 mode 0
Event: 1.089 Thread 0x000001589d357f70 DEOPT PACKING pc=0x00000158a7781d91 sp=0x0000001f689fa0a0
Event: 1.089 Thread 0x000001589d357f70 DEOPT UNPACKING pc=0x00000158aeb02945 sp=0x0000001f689f95b0 mode 0
Event: 1.094 Thread 0x000001589d357f70 DEOPT PACKING pc=0x00000158a7781d91 sp=0x0000001f689fa0a0
Event: 1.094 Thread 0x000001589d357f70 DEOPT UNPACKING pc=0x00000158aeb02945 sp=0x0000001f689f95b0 mode 0

Classes unloaded (0 events):
No events

Classes redefined (0 events):
No events

Internal exceptions (20 events):
Event: 0.870 Thread 0x000001589d357f70 Exception <a 'java/lang/ArrayIndexOutOfBoundsException'{0x0000000712c1f840}: Index 7 out of bounds for length 7> (0x0000000712c1f840) 
thrown [s\open\src\hotspot\share\interpreter\interpreterRuntime.cpp, line 428]
Event: 0.882 Thread 0x000001589d357f70 Exception <a 'java/lang/ArrayIndexOutOfBoundsException'{0x0000000712c4aa90}: Index 7 out of bounds for length 7> (0x0000000712c4aa90) 
thrown [s\open\src\hotspot\share\interpreter\interpreterRuntime.cpp, line 428]
Event: 0.882 Thread 0x000001589d357f70 Exception <a 'java/lang/ArrayIndexOutOfBoundsException'{0x0000000712c4b058}: Index 7 out of bounds for length 7> (0x0000000712c4b058) 
thrown [s\open\src\hotspot\share\interpreter\interpreterRuntime.cpp, line 428]
Event: 0.882 Thread 0x000001589d357f70 Exception <a 'java/lang/ArrayIndexOutOfBoundsException'{0x0000000712c4b620}: Index 7 out of bounds for length 7> (0x0000000712c4b620) 
thrown [s\open\src\hotspot\share\interpreter\interpreterRuntime.cpp, line 428]
Event: 0.883 Thread 0x000001589d357f70 Exception <a 'java/lang/ArrayIndexOutOfBoundsException'{0x0000000712c4e8b0}: Index 7 out of bounds for length 7> (0x0000000712c4e8b0) 
thrown [s\open\src\hotspot\share\interpreter\interpreterRuntime.cpp, line 428]
Event: 0.883 Thread 0x000001589d357f70 Exception <a 'java/lang/ArrayIndexOutOfBoundsException'{0x0000000712c4ee78}: Index 7 out of bounds for length 7> (0x0000000712c4ee78) 
thrown [s\open\src\hotspot\share\interpreter\interpreterRuntime.cpp, line 428]
Event: 0.883 Thread 0x000001589d357f70 Exception <a 'java/lang/ArrayIndexOutOfBoundsException'{0x0000000712c4f440}: Index 7 out of bounds for length 7> (0x0000000712c4f440) 
thrown [s\open\src\hotspot\share\interpreter\interpreterRuntime.cpp, line 428]
Event: 0.893 Thread 0x000001589d357f70 Exception <a 'java/lang/ArrayIndexOutOfBoundsException'{0x0000000712d2ef80}: Index 11 out of bounds for length 11> (0x0000000712d2ef80) 
thrown [s\open\src\hotspot\share\interpreter\interpreterRuntime.cpp, line 428]
Event: 0.893 Thread 0x000001589d357f70 Exception <a 'java/lang/ArrayIndexOutOfBoundsException'{0x0000000712d2f548}: Index 11 out of bounds for length 11> (0x0000000712d2f548) 
thrown [s\open\src\hotspot\share\interpreter\interpreterRuntime.cpp, line 428]
Event: 0.893 Thread 0x000001589d357f70 Exception <a 'java/lang/ArrayIndexOutOfBoundsException'{0x0000000712d2fb10}: Index 11 out of bounds for length 11> (0x0000000712d2fb10) 
thrown [s\open\src\hotspot\share\interpreter\interpreterRuntime.cpp, line 428]
Event: 0.893 Thread 0x000001589d357f70 Exception <a 'java/lang/ArrayIndexOutOfBoundsException'{0x0000000712d30fa8}: Index 9 out of bounds for length 9> (0x0000000712d30fa8) 
thrown [s\open\src\hotspot\share\interpreter\interpreterRuntime.cpp, line 428]
Event: 0.893 Thread 0x000001589d357f70 Exception <a 'java/lang/ArrayIndexOutOfBoundsException'{0x0000000712d31570}: Index 9 out of bounds for length 9> (0x0000000712d31570) 
thrown [s\open\src\hotspot\share\interpreter\interpreterRuntime.cpp, line 428]
Event: 0.893 Thread 0x000001589d357f70 Exception <a 'java/lang/ArrayIndexOutOfBoundsException'{0x0000000712d31b38}: Index 9 out of bounds for length 9> (0x0000000712d31b38) 
thrown [s\open\src\hotspot\share\interpreter\interpreterRuntime.cpp, line 428]
Event: 0.894 Thread 0x000001589d357f70 Exception <a 'java/lang/ArrayIndexOutOfBoundsException'{0x0000000712d36d90}> (0x0000000712d36d90) 
thrown [s\open\src\hotspot\share\runtime\sharedRuntime.cpp, line 631]
Event: 0.894 Thread 0x000001589d357f70 Exception <a 'java/lang/ArrayIndexOutOfBoundsException'{0x0000000712d37358}> (0x0000000712d37358) 
thrown [s\open\src\hotspot\share\runtime\sharedRuntime.cpp, line 631]
Event: 0.894 Thread 0x000001589d357f70 Exception <a 'java/lang/ArrayIndexOutOfBoundsException'{0x0000000712d37920}: Index 7 out of bounds for length 7> (0x0000000712d37920) 
thrown [s\open\src\hotspot\share\interpreter\interpreterRuntime.cpp, line 428]
Event: 1.010 Thread 0x0000015880779520 Exception <a 'java/lang/NoSuchMethodError'{0x0000000712980b98}: 'java.lang.Object java.lang.invoke.DirectMethodHandle$Holder.invokeStaticInit(java.lang.Object)'> (0x0000000712980b98) 
thrown [s\open\src\hotspot\share\interpreter\linkResolver.cpp, line 759]
Event: 1.021 Thread 0x000001589d357f70 Exception <a 'java/lang/NoSuchMethodError'{0x00000007129a3290}: 'void java.lang.invoke.DirectMethodHandle$Holder.invokeStatic(java.lang.Object, java.lang.Object)'> (0x00000007129a3290) 
thrown [s\open\src\hotspot\share\interpreter\linkResolver.cpp, line 759]
Event: 1.021 Thread 0x0000015880779520 Exception <a 'java/lang/NoSuchMethodError'{0x0000000712988858}: 'void java.lang.invoke.DirectMethodHandle$Holder.invokeStatic(java.lang.Object, java.lang.Object)'> (0x0000000712988858) 
thrown [s\open\src\hotspot\share\interpreter\linkResolver.cpp, line 759]
Event: 1.050 Thread 0x000001589d357f70 Implicit null exception at 0x00000158af193f01 to 0x00000158af194586

VM Operations (14 events):
Event: 0.212 Executing VM operation: HandshakeAllThreads
Event: 0.212 Executing VM operation: HandshakeAllThreads done
Event: 0.473 Executing VM operation: HandshakeAllThreads
Event: 0.473 Executing VM operation: HandshakeAllThreads done
Event: 0.631 Executing VM operation: HandshakeAllThreads
Event: 0.631 Executing VM operation: HandshakeAllThreads done
Event: 0.759 Executing VM operation: HandshakeAllThreads
Event: 0.759 Executing VM operation: HandshakeAllThreads done
Event: 0.759 Executing VM operation: HandshakeAllThreads
Event: 0.759 Executing VM operation: HandshakeAllThreads done
Event: 0.793 Executing VM operation: G1CollectForAllocation
Event: 0.799 Executing VM operation: G1CollectForAllocation done
Event: 1.006 Executing VM operation: HandshakeAllThreads
Event: 1.006 Executing VM operation: HandshakeAllThreads done

Events (20 events):
Event: 1.026 loading class java/nio/DirectByteBuffer$Deallocator
Event: 1.026 loading class java/nio/DirectByteBuffer$Deallocator done
Event: 1.039 loading class sun/nio/ch/IOStatus
Event: 1.039 loading class sun/nio/ch/IOStatus done
Event: 1.039 loading class java/net/StandardSocketOptions
Event: 1.039 loading class java/net/StandardSocketOptions done
Event: 1.039 loading class java/net/StandardSocketOptions$StdSocketOption
Event: 1.039 loading class java/net/StandardSocketOptions$StdSocketOption done
Event: 1.040 loading class sun/nio/ch/SocketOptionRegistry
Event: 1.040 loading class sun/nio/ch/SocketOptionRegistry done
Event: 1.040 loading class sun/nio/ch/SocketOptionRegistry$RegistryKey
Event: 1.040 loading class sun/nio/ch/SocketOptionRegistry$RegistryKey done
Event: 1.040 loading class sun/nio/ch/SocketOptionRegistry$LazyInitialization
Event: 1.040 loading class sun/nio/ch/SocketOptionRegistry$LazyInitialization done
Event: 1.040 loading class sun/nio/ch/OptionKey
Event: 1.040 loading class sun/nio/ch/OptionKey done
Event: 1.040 loading class sun/nio/ch/ExtendedSocketOption
Event: 1.040 loading class sun/nio/ch/ExtendedSocketOption done
Event: 1.040 loading class sun/nio/ch/ExtendedSocketOption$1
Event: 1.040 loading class sun/nio/ch/ExtendedSocketOption$1 done


Dynamic libraries:
0x00007ff7255a0000 - 0x00007ff7255b0000 	C:\Users\mosco\.jdks\graalvm-jdk-17.0.12\bin\java.exe
0x00007ffd29510000 - 0x00007ffd29707000 	C:\Windows\SYSTEM32\ntdll.dll
0x00007ffd29410000 - 0x00007ffd294cd000 	C:\Windows\System32\KERNEL32.DLL
0x00007ffd27270000 - 0x00007ffd27566000 	C:\Windows\System32\KERNELBASE.dll
0x00007ffd27020000 - 0x00007ffd27120000 	C:\Windows\System32\ucrtbase.dll
0x00007ffd1ef30000 - 0x00007ffd1ef49000 	C:\Users\mosco\.jdks\graalvm-jdk-17.0.12\bin\jli.dll
0x00007ffd23eb0000 - 0x00007ffd23ecb000 	C:\Users\mosco\.jdks\graalvm-jdk-17.0.12\bin\VCRUNTIME140.dll
0x00007ffd28dd0000 - 0x00007ffd28e7e000 	C:\Windows\System32\ADVAPI32.dll
0x00007ffd28d30000 - 0x00007ffd28dce000 	C:\Windows\System32\msvcrt.dll
0x00007ffd27c00000 - 0x00007ffd27c9c000 	C:\Windows\System32\sechost.dll
0x00007ffd28af0000 - 0x00007ffd28c16000 	C:\Windows\System32\RPCRT4.dll
0x00007ffd27a60000 - 0x00007ffd27bfe000 	C:\Windows\System32\USER32.dll
0x00007ffd26e70000 - 0x00007ffd26e92000 	C:\Windows\System32\win32u.dll
0x00007ffd10040000 - 0x00007ffd102da000 	C:\Windows\WinSxS\amd64_microsoft.windows.common-controls_6595b64144ccf1df_6.0.19041.3570_none_60bb2a3971f3e41a\COMCTL32.dll
0x00007ffd276f0000 - 0x00007ffd2771c000 	C:\Windows\System32\GDI32.dll
0x00007ffd27150000 - 0x00007ffd2726a000 	C:\Windows\System32\gdi32full.dll
0x00007ffd26ea0000 - 0x00007ffd26f3d000 	C:\Windows\System32\msvcp_win.dll
0x00007ffd20160000 - 0x00007ffd2016a000 	C:\Windows\SYSTEM32\VERSION.dll
0x00007ffd293d0000 - 0x00007ffd29400000 	C:\Windows\System32\IMM32.DLL
0x00007ffd23fd0000 - 0x00007ffd23fdc000 	C:\Users\mosco\.jdks\graalvm-jdk-17.0.12\bin\vcruntime140_1.dll
0x00007ffcf5b40000 - 0x00007ffcf5bce000 	C:\Users\mosco\.jdks\graalvm-jdk-17.0.12\bin\msvcp140.dll
0x00007ffcb0b40000 - 0x00007ffcb1717000 	C:\Users\mosco\.jdks\graalvm-jdk-17.0.12\bin\server\jvm.dll
0x00007ffd29400000 - 0x00007ffd29408000 	C:\Windows\System32\PSAPI.DLL
0x00007ffd11c20000 - 0x00007ffd11c47000 	C:\Windows\SYSTEM32\WINMM.dll
0x00007ffd23ff0000 - 0x00007ffd23ff9000 	C:\Windows\SYSTEM32\WSOCK32.dll
0x00007ffd280e0000 - 0x00007ffd2814b000 	C:\Windows\System32\WS2_32.dll
0x00007ffd25420000 - 0x00007ffd25432000 	C:\Windows\SYSTEM32\kernel.appcore.dll
0x00007ffd1ef20000 - 0x00007ffd1ef2a000 	C:\Users\mosco\.jdks\graalvm-jdk-17.0.12\bin\jimage.dll
0x00007ffd24970000 - 0x00007ffd24b54000 	C:\Windows\SYSTEM32\DBGHELP.DLL
0x00007ffd18ad0000 - 0x00007ffd18b04000 	C:\Windows\SYSTEM32\dbgcore.DLL
0x00007ffd26f40000 - 0x00007ffd26fc2000 	C:\Windows\System32\bcryptPrimitives.dll
0x00007ffd180b0000 - 0x00007ffd180be000 	C:\Users\mosco\.jdks\graalvm-jdk-17.0.12\bin\instrument.dll
0x00007ffd0f840000 - 0x00007ffd0f865000 	C:\Users\mosco\.jdks\graalvm-jdk-17.0.12\bin\java.dll
0x00007ffcf5a60000 - 0x00007ffcf5b37000 	C:\Users\mosco\.jdks\graalvm-jdk-17.0.12\bin\jsvml.dll
0x00007ffd28280000 - 0x00007ffd289c4000 	C:\Windows\System32\SHELL32.dll
0x00007ffd24c70000 - 0x00007ffd2540b000 	C:\Windows\SYSTEM32\windows.storage.dll
0x00007ffd27ca0000 - 0x00007ffd27ff4000 	C:\Windows\System32\combase.dll
0x00007ffd26630000 - 0x00007ffd2665d000 	C:\Windows\SYSTEM32\Wldp.dll
0x00007ffd27570000 - 0x00007ffd2761d000 	C:\Windows\System32\SHCORE.dll
0x00007ffd28010000 - 0x00007ffd28065000 	C:\Windows\System32\shlwapi.dll
0x00007ffd26b20000 - 0x00007ffd26b45000 	C:\Windows\SYSTEM32\profapi.dll
0x00007ffd0f820000 - 0x00007ffd0f838000 	C:\Users\mosco\.jdks\graalvm-jdk-17.0.12\bin\zip.dll
0x00007ffc896c0000 - 0x00007ffc8c0fc000 	C:\Users\mosco\.jdks\graalvm-jdk-17.0.12\bin\jvmcicompiler.dll
0x00007ffd26c60000 - 0x00007ffd26dbd000 	C:\Windows\System32\CRYPT32.dll
0x00007ffd26390000 - 0x00007ffd263fa000 	C:\Windows\SYSTEM32\MSWSOCK.dll
0x00007ffd266a0000 - 0x00007ffd266c7000 	C:\Windows\SYSTEM32\ncrypt.dll
0x00007ffd26ae0000 - 0x00007ffd26b0e000 	C:\Windows\SYSTEM32\USERENV.dll
0x00007ffd26030000 - 0x00007ffd2606b000 	C:\Windows\SYSTEM32\IPHLPAPI.DLL
0x00007ffd26660000 - 0x00007ffd2669b000 	C:\Windows\SYSTEM32\NTASN1.dll
0x00007ffd18310000 - 0x00007ffd18329000 	C:\Users\mosco\.jdks\graalvm-jdk-17.0.12\bin\net.dll
0x00007ffd1fd30000 - 0x00007ffd1fe3a000 	C:\Windows\SYSTEM32\WINHTTP.dll
0x00007ffd181f0000 - 0x00007ffd18206000 	C:\Users\mosco\.jdks\graalvm-jdk-17.0.12\bin\nio.dll

dbghelp: loaded successfully - version: 4.0.5 - missing functions: none
symbol engine: initialized successfully - sym options: 0x614 - pdb path: .;C:\Users\mosco\.jdks\graalvm-jdk-17.0.12\bin;C:\Windows\SYSTEM32;C:\Windows\WinSxS\amd64_microsoft.windows.common-controls_6595b64144ccf1df_6.0.19041.3570_none_60bb2a3971f3e41a;C:\Users\mosco\.jdks\graalvm-jdk-17.0.12\bin\server

VM Arguments:
jvm_args: -XX:ThreadPriorityPolicy=1 -XX:+UnlockExperimentalVMOptions -XX:+EnableJVMCIProduct -XX:-UnlockExperimentalVMOptions -ea -javaagent:C:\Users\mosco\.m2\repository/org/aspectj/aspectjweaver/1.9.19/aspectjweaver-1.9.19.jar -Didea.test.cyclic.buffer.size=1048576 -javaagent:D:\Новая папка (2)\IntelliJ IDEA Community Edition 2024.1.4\lib\idea_rt.jar=50277:D:\Новая папка (2)\IntelliJ IDEA Community Edition 2024.1.4\bin -Dfile.encoding=UTF-8 
java_command: com.intellij.rt.testng.RemoteTestNGStarter -usedefaultlisteners false -socket50276 @w@C:\Users\mosco\AppData\Local\Temp\idea_working_dirs_testng.tmp -temp C:\Users\mosco\AppData\Local\Temp\idea_testng.tmp
java_class_path (initial): D:\Новая папка (2)\IntelliJ IDEA Community Edition 2024.1.4\lib\idea_rt.jar;D:\Новая папка (2)\IntelliJ IDEA Community Edition 2024.1.4\plugins\testng\lib\testng-rt.jar;C:\Users\mosco\IdeaProjects\finalProject\target\test-classes;C:\Users\mosco\IdeaProjects\finalProject\target\classes;C:\Users\mosco\.m2\repository\org\projectlombok\lombok\1.18.34\lombok-1.18.34.jar;C:\Users\mosco\.m2\repository\com\google\guava\guava\31.1-jre\guava-31.1-jre.jar;C:\Users\mosco\.m2\repository\com\google\guava\failureaccess\1.0.1\failureaccess-1.0.1.jar;C:\Users\mosco\.m2\repository\com\google\guava\listenablefuture\9999.0-empty-to-avoid-conflict-with-guava\listenablefuture-9999.0-empty-to-avoid-conflict-with-guava.jar;C:\Users\mosco\.m2\repository\com\google\code\findbugs\jsr305\3.0.2\jsr305-3.0.2.jar;C:\Users\mosco\.m2\repository\org\checkerframework\checker-qual\3.12.0\checker-qual-3.12.0.jar;C:\Users\mosco\.m2\repository\com\google\errorprone\error_prone_annotations\2.11.0\error_prone_annotations-2.11.0.jar;C:\Users\mosco\.m2\repository\com\google\j2objc\j2objc-annotations\1.3\j2objc-annotations-1.3.jar;C:\Users\mosco\.m2\repository\io\rest-assured\rest-assured\5.4.0\rest-assured-5.4.0.jar;C:\Users\mosco\.m2\repository\org\apache\groovy\groovy\4.0.16\groovy-4.0.16.jar;C:\Users\mosco\.m2\repository\org\apache\groovy\groovy-xml\4.0.16\groovy-xml-4.0.16.jar;C:\Users\mosco\.m2\repository\org\apache\httpcomponents\httpclient\4.5.13\httpclient-4.5.13.jar;C:\Users\mosco\.m2\repository\org\apache\httpcomponents\httpcore\4.4.13\httpcore-4.4.13.jar;C:\Users\mosco\.m2\repository\commons-logging\commons-logging\1.2\commons-logging-1.2.jar;C:\Users\mosco\.m2\repository\commons-codec\commons-codec\1.11\commons-codec-1.11.jar;C:\Users\mosco\.m2\repository\org\apache\httpcomponents\httpmime\4.5.13\httpmime-4.5.13.jar;C:\Users\mosco\.m2\repository\org\hamcrest\hamcrest\2.2\hamcrest-2.2.jar;C:\Users\mosco\.m2\repository\org\ccil\cowan\tagsoup\tagsoup\1.2.1\tagsoup-1.2.1.
Launcher Type: SUN_STANDARD

[Global flags]
     intx CICompilerCount                          = 4                                         {product} {ergonomic}
     uint ConcGCThreads                            = 3                                         {product} {ergonomic}
     bool EnableJVMCIProduct                       = true                                {JVMCI product} {jimage}
     uint G1ConcRefinementThreads                  = 10                                        {product} {ergonomic}
   size_t G1HeapRegionSize                         = 2097152                                   {product} {ergonomic}
    uintx GCDrainStackTargetSize                   = 64                                        {product} {ergonomic}
   size_t InitialHeapSize                          = 266338304                                 {product} {ergonomic}
   size_t MarkStackSize                            = 4194304                                   {product} {ergonomic}
   size_t MaxHeapSize                              = 4242538496                                {product} {ergonomic}
   size_t MaxNewSize                               = 2543845376                                {product} {ergonomic}
   size_t MinHeapDeltaBytes                        = 2097152                                   {product} {ergonomic}
   size_t MinHeapSize                              = 8388608                                   {product} {ergonomic}
    uintx NonNMethodCodeHeapSize                   = 6979620                                {pd product} {ergonomic}
    uintx NonProfiledCodeHeapSize                  = 122339310                              {pd product} {ergonomic}
    uintx ProfiledCodeHeapSize                     = 122339310                              {pd product} {ergonomic}
    uintx ReservedCodeCacheSize                    = 251658240                              {pd product} {ergonomic}
     bool SegmentedCodeCache                       = true                                      {product} {ergonomic}
   size_t SoftMaxHeapSize                          = 4242538496                             {manageable} {ergonomic}
     intx ThreadPriorityPolicy                     = 1                                         {product} {jimage}
     bool UseCompressedClassPointers               = true                           {product lp64_product} {ergonomic}
     bool UseCompressedOops                        = true                           {product lp64_product} {ergonomic}
     bool UseG1GC                                  = true                                      {product} {ergonomic}
     bool UseLargePagesIndividualAllocation        = false                                  {pd product} {ergonomic}

Logging:
Log output configuration:
 #0: stdout all=warning uptime,level,tags
 #1: stderr all=off uptime,level,tags

Environment Variables:
JAVA_HOME=C:\Program Files\Java\jdk-21
PATH=C:\Program Files\Common Files\Oracle\Java\javapath;C:\Program Files (x86)\Common Files\Oracle\Java\javapath;C:\Windows\system32;C:\Windows;C:\Windows\System32\Wbem;C:\Windows\System32\WindowsPowerShell\v1.0\;C:\Windows\System32\OpenSSH\;C:\Program Files (x86)\NVIDIA Corporation\PhysX\Common;C:\Program Files\dotnet\;C:\Program Files\Git\cmd;D:\Program Files\allure-2.30.0;C:\Program Files\Java\jdk-21\bin;C:\Users\mosco\AppData\Local\Microsoft\WindowsApps;
USERNAME=mosco
OS=Windows_NT
PROCESSOR_IDENTIFIER=Intel64 Family 6 Model 158 Stepping 10, GenuineIntel



---------------  S Y S T E M  ---------------

OS:
 Windows 10 , 64 bit Build 19041 (10.0.19041.3570)
OS uptime: 0 days 14:33 hours

CPU: total 12 (initial active 12) (6 cores per cpu, 2 threads per core) family 6 model 158 stepping 10 microcode 0xf0, cx8, cmov, fxsr, ht, mmx, 3dnowpref, sse, sse2, sse3, ssse3, sse4.1, sse4.2, popcnt, lzcnt, tsc, tscinvbit, avx, avx2, aes, erms, clmul, bmi1, bmi2, adx, fma, vzeroupper, clflush, clflushopt

Memory: 4k page, system-wide physical 16178M (3812M free)
TotalPageFile size 19478M (AvailPageFile size 1M)
current process WorkingSet (physical memory assigned to process): 132M, peak: 132M
current process commit charge ("private bytes"): 397M, peak: 397M

vm_info: Java HotSpot(TM) 64-Bit Server VM (17.0.12+8-LTS-jvmci-23.0-b41) for windows-amd64 JRE (17.0.12+8-LTS-jvmci-23.0-b41), built on Jun 11 2024 06:13:34 by "" with MS VC++ 17.6 (VS2022)

END.
